This is pdfeTeX, Version 3.141592-1.21a-2.2 (Web2C 7.5.4) (format=pdflatex 2006.8.23)  26 MAY 2007 13:03
entering extended mode
**lahendite_loendamine.tex
(./lahendite_loendamine.tex
LaTeX2e <2003/12/01>
Babel <v3.8d> and hyphenation patterns for american, french, german, ngerman, b
ahasa, basque, bulgarian, catalan, croatian, czech, danish, dutch, esperanto, e
stonian, finnish, greek, icelandic, irish, italian, latin, magyar, norsk, polis
h, portuges, romanian, russian, serbian, slovak, slovene, spanish, swedish, tur
kish, ukrainian, nohyphenation, loaded.
(/usr/share/texmf/tex/latex/base/report.cls
Document Class: report 2004/02/16 v1.4f Standard LaTeX document class
(/usr/share/texmf/tex/latex/base/size12.clo
File: size12.clo 2004/02/16 v1.4f Standard LaTeX file (size option)
)
\c@part=\count79
\c@chapter=\count80
\c@section=\count81
\c@subsection=\count82
\c@subsubsection=\count83
\c@paragraph=\count84
\c@subparagraph=\count85
\c@figure=\count86
\c@table=\count87
\abovecaptionskip=\skip41
\belowcaptionskip=\skip42
\bibindent=\dimen102
)
(/usr/share/texmf/tex/generic/babel/babel.sty
Package: babel 2004/11/20 v3.8d The Babel package

(/usr/share/texmf/tex/generic/babel/estonian.ldf
Language: estonian 2004/02/19 v1.0h Estonian support from the babel system

(/usr/share/texmf/tex/generic/babel/babel.def
File: babel.def 2004/11/20 v3.8d Babel common definitions
\babel@savecnt=\count88
\U@D=\dimen103
)
Package babel Info: Making " an active character on input line 92.
Warning: Hyphenation would work better for the T1 encoding.
))
(/usr/share/texmf/tex/latex/base/inputenc.sty
Package: inputenc 2004/02/05 v1.0d Input encoding file

(/usr/share/texmf/tex/latex/base/latin1.def
File: latin1.def 2004/02/05 v1.0d Input encoding file
))
(/usr/share/texmf/tex/latex/setspace/setspace.sty
Package: setspace 2000/12/01 6.7 Contributed and Supported LaTeX2e package

Package: `setspace' 6.7 <2000/12/01>
) (/usr/share/texmf/tex/latex/listings/listings.sty
(/usr/share/texmf/tex/latex/graphics/keyval.sty
Package: keyval 1999/03/16 v1.13 key=value parser (DPC)
\KV@toks@=\toks14
)
\lst@mode=\count89
\lst@gtempboxa=\box26
\lst@token=\toks15
\lst@length=\count90
\lst@currlwidth=\dimen104
\lst@column=\count91
\lst@pos=\count92
\lst@lostspace=\dimen105
\lst@width=\dimen106
\lst@newlines=\count93
\lst@lineno=\count94
\c@lstlisting=\count95
\lst@maxwidth=\dimen107

(/usr/share/texmf/tex/latex/listings/lstpatch.sty
File: lstpatch.sty 2004/10/17 1.3b (Carsten Heinz)
)
(/usr/share/texmf/tex/latex/listings/lstmisc.sty
File: lstmisc.sty 2004/09/07 1.3 (Carsten Heinz)
\c@lstnumber=\count96
\lst@skipnumbers=\count97
\lst@framebox=\box27
)
(/usr/share/texmf/tex/latex/listings/listings.cfg
File: listings.cfg 2004/09/05 1.3 listings configuration
))
Package: listings 2004/10/17 1.3b (Carsten Heinz)

(/usr/share/texmf/tex/latex/base/latexsym.sty
Package: latexsym 1998/08/17 v2.2e Standard LaTeX package (lasy symbols)
\symlasy=\mathgroup4
LaTeX Font Info:    Overwriting symbol font `lasy' in version `bold'
(Font)                  U/lasy/m/n --> U/lasy/b/n on input line 47.
)
(/usr/share/texmf/tex/latex/amsmath/amsmath.sty
Package: amsmath 2000/07/18 v2.13 AMS math features
\@mathmargin=\skip43

For additional information on amsmath, use the `?' option.
(/usr/share/texmf/tex/latex/amsmath/amstext.sty
Package: amstext 2000/06/29 v2.01

(/usr/share/texmf/tex/latex/amsmath/amsgen.sty
File: amsgen.sty 1999/11/30 v2.0
\@emptytoks=\toks16
\ex@=\dimen108
))
(/usr/share/texmf/tex/latex/amsmath/amsbsy.sty
Package: amsbsy 1999/11/29 v1.2d
\pmbraise@=\dimen109
)
(/usr/share/texmf/tex/latex/amsmath/amsopn.sty
Package: amsopn 1999/12/14 v2.01 operator names
)
\inf@bad=\count98
LaTeX Info: Redefining \frac on input line 211.
\uproot@=\count99
\leftroot@=\count100
LaTeX Info: Redefining \overline on input line 307.
\classnum@=\count101
\DOTSCASE@=\count102
LaTeX Info: Redefining \ldots on input line 379.
LaTeX Info: Redefining \dots on input line 382.
LaTeX Info: Redefining \cdots on input line 467.
\Mathstrutbox@=\box28
\strutbox@=\box29
\big@size=\dimen110
LaTeX Font Info:    Redeclaring font encoding OML on input line 567.
LaTeX Font Info:    Redeclaring font encoding OMS on input line 568.
\macc@depth=\count103
\c@MaxMatrixCols=\count104
\dotsspace@=\muskip10
\c@parentequation=\count105
\dspbrk@lvl=\count106
\tag@help=\toks17
\row@=\count107
\column@=\count108
\maxfields@=\count109
\andhelp@=\toks18
\eqnshift@=\dimen111
\alignsep@=\dimen112
\tagshift@=\dimen113
\tagwidth@=\dimen114
\totwidth@=\dimen115
\lineht@=\dimen116
\@envbody=\toks19
\multlinegap=\skip44
\multlinetaggap=\skip45
\mathdisplay@stack=\toks20
LaTeX Info: Redefining \[ on input line 2666.
LaTeX Info: Redefining \] on input line 2667.
)
(/usr/share/texmf/tex/latex/float/float.sty
Package: float 2001/11/08 v1.3d Float enhancements (AL)
\c@float@type=\count110
\float@exts=\toks21
\float@box=\box30
\@float@everytoks=\toks22
\@floatcapt=\box31
)
(/usr/share/texmf/tex/latex/amsfonts/amssymb.sty
Package: amssymb 2002/01/22 v2.2d

(/usr/share/texmf/tex/latex/amsfonts/amsfonts.sty
Package: amsfonts 2001/10/25 v2.2f
\symAMSa=\mathgroup5
\symAMSb=\mathgroup6
LaTeX Font Info:    Overwriting math alphabet `\mathfrak' in version `bold'
(Font)                  U/euf/m/n --> U/euf/b/n on input line 132.
))
(/usr/share/texmf/tex/latex/geometry/geometry.sty
Package: geometry 2002/07/08 v3.2 Page Geometry
\Gm@cnth=\count111
\Gm@cntv=\count112
\c@Gm@tempcnt=\count113
\Gm@bindingoffset=\dimen117
\Gm@wd@mp=\dimen118
\Gm@odd@mp=\dimen119
\Gm@even@mp=\dimen120
\Gm@dimlist=\toks23

(/usr/share/texmf/tex/latex/geometry/geometry.cfg))
\c@lemma_counter=\count114
\c@theorem_counter=\count115
\c@algorithm_counter=\count116

(/usr/share/texmf/tex/latex/listings/lstlang1.sty
File: lstlang1.sty 2004/09/05 1.3 listings language file
)
(/usr/share/texmf/tex/latex/listings/lstlang2.sty
File: lstlang2.sty 2004/09/05 1.3 listings language file
) (./lahendite_loendamine.aux)
\openout1 = `lahendite_loendamine.aux'.

LaTeX Font Info:    Checking defaults for OML/cmm/m/it on input line 115.
LaTeX Font Info:    ... okay on input line 115.
LaTeX Font Info:    Checking defaults for T1/cmr/m/n on input line 115.
LaTeX Font Info:    ... okay on input line 115.
LaTeX Font Info:    Checking defaults for OT1/cmr/m/n on input line 115.
LaTeX Font Info:    ... okay on input line 115.
LaTeX Font Info:    Checking defaults for OMS/cmsy/m/n on input line 115.
LaTeX Font Info:    ... okay on input line 115.
LaTeX Font Info:    Checking defaults for OMX/cmex/m/n on input line 115.
LaTeX Font Info:    ... okay on input line 115.
LaTeX Font Info:    Checking defaults for U/cmr/m/n on input line 115.
LaTeX Font Info:    ... okay on input line 115.
-------------------- Geometry parameters
paper: a4paper
landscape: --
twocolumn: --
twoside: --
asymmetric: --
h-parts: 113.81102pt, 398.3386pt, 85.35826pt
v-parts: 71.13188pt, 702.78308pt, 71.13188pt
hmarginratio: --
vmarginratio: --
lines: --
heightrounded: --
bindingoffset: 0.0pt
truedimen: --
includehead: --
includefoot: --
includemp: --
driver: pdftex
-------------------- Page layout dimensions and switches
\paperwidth  597.50787pt
\paperheight 845.04684pt
\textwidth  398.3386pt
\textheight 702.78308pt
\oddsidemargin  41.54103pt
\evensidemargin 41.54103pt
\topmargin  -38.1381pt
\headheight 12.0pt
\headsep    25.0pt
\footskip   30.0pt
\marginparwidth 44.0pt
\marginparsep   10.0pt
\columnsep  10.0pt
\skip\footins  10.8pt plus 4.0pt minus 2.0pt
\hoffset 0.0pt
\voffset 0.0pt
\mag 1000

(1in=72.27pt, 1cm=28.45pt)
-----------------------
[1

{/usr/share/texmf-var/fonts/map/pdftex/updmap/pdftex.map}]
(./lahendite_loendamine.toc
LaTeX Font Info:    Try loading font information for U+lasy on input line 4.
 (/usr/share/texmf/tex/latex/base/ulasy.fd
File: ulasy.fd 1998/08/17 v2.2e LaTeX symbol font definitions
)
LaTeX Font Info:    Try loading font information for U+msa on input line 4.

(/usr/share/texmf/tex/latex/amsfonts/umsa.fd
File: umsa.fd 2002/01/19 v2.2g AMS font definitions
)
LaTeX Font Info:    Try loading font information for U+msb on input line 4.

(/usr/share/texmf/tex/latex/amsfonts/umsb.fd
File: umsb.fd 2002/01/19 v2.2g AMS font definitions
))
\tf@toc=\write3
\openout3 = `lahendite_loendamine.toc'.

 [2

]
Overfull \hbox (2.13226pt too wide) in paragraph at lines 174--183
\OT1/cmr/m/n/12 hen-di-te loen-da-mise-le saab taan-da-da tu-le-tust Bayes'i v[
]orgus ja De-de-kin-di numb-
 []


Overfull \hbox (5.20392pt too wide) in paragraph at lines 184--190
\OT1/cmr/m/n/12 rit-mi t[]aiendades. Keh-tes-ta-ta-vu-se algo-ritm ba-see-rub a
r-tik-li-tes [[], []]
 []

[3

]
Overfull \hbox (5.73154pt too wide) in paragraph at lines 254--256
[]\OT1/cmr/m/n/12 Valemist $\OML/cmm/m/it/12 F$ \OT1/cmr/m/n/12 r[]a[]akides mi
n-gi konk-reet-se v[]a[]artustuse $\OML/cmm/m/it/12 v$ \OT1/cmr/m/n/12 pii-res 
ka-su-ta-me t[]ahistusviisi
 []

[4]
Peat"ukk 1.

Overfull \hbox (12.7113pt too wide) in paragraph at lines 279--281
\OT1/cmr/m/n/12 T[]oes-te klaus-li-te eli-mi-nee-ri-mis-ree-gel on va-le-mit li
ht-sus-tav ree-gel min-gi v[]a[]artustuse
 []

[5

]
Overfull \hbox (7.47633pt too wide) detected at line 331
[]\OML/cmm/m/it/12 R\OT1/cmr/m/n/12 2\OML/cmm/m/it/12 n
 []


Overfull \hbox (61.2957pt too wide) in paragraph at lines 343--348
\OT1/cmr/m/n/12 V[]a[]artustusreegel fik-see-rib min-gi va-le-mis esi-ne-va muu
-tu-ja $\OML/cmm/m/it/12 x$ \OT1/cmr/m/n/12 v[]a[]artustuse. V[]a[]artustusreeg
leid
 []


Overfull \hbox (15.09964pt too wide) in paragraph at lines 343--348
\OT1/cmr/m/n/12 an-nab muu-tu-ja-le v[]a[]artuseks ``v[]a[]ar''. Reeg-li eri-ku
-juks []uhikklausli v[]a[]artustusreegel,
 []

[6] (./naidistuletus.tex [7]) [8] [9]
Peat"ukk 2.
[10

] [11]

LaTeX Font Warning: Font shape `OT1/cmss/bx/it' undefined
(Font)              using `OT1/cmss/bx/n' instead on input line 620.

[12] [13]
Peat"ukk 3.
[14

] [15]
Overfull \hbox (5.85985pt too wide) in paragraph at lines 756--757
\OT1/cmr/bx/it/12 ne-va muu-tu-ja $\OML/cmm/m/it/12 x$ \OT1/cmr/bx/it/12 jaoks 
keh-tib v[]orra-tus $\OML/cmm/m/it/12 ^^V[]\OT1/cmr/m/n/12 (\OML/cmm/m/it/12 F\
OT1/cmr/m/n/12 ) = \OML/cmm/m/it/12 ^^V[]\OT1/cmr/m/n/12 (\OML/cmm/m/it/12 F\OM
S/cmsy/m/n/12 j[]\OT1/cmr/m/n/12 ) + \OML/cmm/m/it/12 ^^V[]\OT1/cmr/m/n/12 (\OM
L/cmm/m/it/12 F\OMS/cmsy/m/n/12 j[]\OT1/cmr/m/n/12 )$\OT1/cmr/bx/it/12 .
 []


Underfull \hbox (badness 10000) in paragraph at lines 756--757

 []


Overfull \hbox (5.30043pt too wide) in paragraph at lines 758--761
[] \OT1/cmr/bx/n/12 T[]oes-tus. \OT1/cmr/m/n/12 V[]a[]artustuste hulk ja-gu-neb
 ka-heks mit-tel[]oiku-vaks hul-gaks, m[]ole-
 []


Overfull \hbox (81.33972pt too wide) in paragraph at lines 767--771
[] \OT1/cmr/bx/n/12 T[]oes-tus. \OT1/cmr/m/n/12 Vas-ta-valt lem-ma-le (7) keh-t
ib v[]orra-tus [].
 []

[16]
Overfull \hbox (4.47702pt too wide) in paragraph at lines 833--836
\OT1/cmr/m/n/12 seid muu-tu-ja-id. Selle-le vas-tab algo-rit-mi \OT1/cmss/m/n/1
2 LP \OT1/cmr/m/n/12 samm (2). Kuiv[]ord t[]uhiklauslit
 []

[17] [18] [19

] [20

]
Underfull \hbox (badness 2970) in paragraph at lines 928--931
[]\OT1/cmr/m/n/12 M.Davis, G.Logemann, D.Loveland, \OT1/cmr/m/it/12 A Mac-hi-ne
 Prog-ram for
 []


Underfull \hbox (badness 1019) in paragraph at lines 947--950
[]\OT1/cmr/m/n/12 M.W.Moskewicz, C.F.Madigan, Y.Zhao, L.Zhang, S.Malik,
 []

[21

] (./op_iso.pl
Overfull \hbox (43.16531pt too wide) in paragraph at lines 3--4
[][][][][][][][][][][][][][][][][][][] 
 []

[22

]
Overfull \hbox (29.36832pt too wide) in paragraph at lines 47--48
[][][][][][][][][][][][][][][][][][][][] 
 []


Overfull \hbox (15.57132pt too wide) in paragraph at lines 48--49
[][][][][][][][][][][][][][][][][][][][][][] 
 []

) [23] (./lp_iso.pl
Overfull \hbox (43.16531pt too wide) in paragraph at lines 3--4
[][][][][][][][][][][][][][][][][][][] 
 []

LaTeX Font Info:    Font shape `OT1/cmtt/bx/n' in size <10.95> not available
(Font)              Font shape `OT1/cmtt/m/n' tried instead on input line 16.
[24

]) [25] (./lahendite_loendamine.aux)

LaTeX Font Warning: Some font shapes were not available, defaults substituted.

 ) 
Here is how much of TeX's memory you used:
 3806 strings out of 94500
 47539 string characters out of 1176766
 134559 words of memory out of 1000000
 6930 multiletter control sequences out of 10000+50000
 13125 words of font info for 50 fonts, out of 500000 for 2000
 580 hyphenation exceptions out of 1000
 27i,13n,45p,437b,1674s stack positions out of 1500i,500n,5000p,200000b,5000s
PDF statistics:
 131 PDF objects out of 300000
 0 named destinations out of 131072
 1 words of extra memory for PDF output out of 65536
</usr/share/texmf/fonts/type1/bluesky/cm/cmtt10.pfb></usr/share/texmf/fonts/t
ype1/bluesky/cm/cmssbx10.pfb></usr/share/texmf/fonts/type1/bluesky/symbols/msam
10.pfb></usr/share/texmf/fonts/type1/bluesky/cm/cmbxti10.pfb></usr/share/texmf/
fonts/type1/bluesky/cm/cmsy6.pfb></usr/share/texmf/fonts/type1/bluesky/cm/cmmi6
.pfb></usr/share/texmf/fonts/type1/bluesky/cm/cmr6.pfb></usr/share/texmf/fonts/
type1/bluesky/cm/cmr8.pfb></usr/share/texmf/fonts/type1/bluesky/cm/cmti12.pfb><
/usr/share/texmf/fonts/type1/bluesky/cm/cmmi8.pfb></usr/share/texmf/fonts/type1
/bluesky/cm/cmsy8.pfb></usr/share/texmf/fonts/type1/bluesky/cm/cmsy10.pfb></usr
/share/texmf/fonts/type1/bluesky/cm/cmmi12.pfb></usr/share/texmf/fonts/type1/bl
uesky/cm/cmr12.pfb></usr/share/texmf/fonts/type1/bluesky/cm/cmr17.pfb></usr/sha
re/texmf/fonts/type1/bluesky/cm/cmbx12.pfb></usr/share/texmf/fonts/type1/bluesk
y/cm/cmss12.pfb>
Output written on lahendite_loendamine.pdf (25 pages, 172935 bytes).
