Unknown tag(SELECT) on line 42<br>
Unknown tag(OPTION) on line 42<br>
Unknown tag(OPTION) on line 42<br>
Unknown tag(OPTION) on line 42<br>
Unknown tag(OPTION) on line 42<br>
Unknown tag(SELECT) on line 42<br>
Unknown tag(TEXTAREA) on line 40<br>
Unknown tag(TEXTAREA) on line 40<br>
Unknown tag(R) on line 26<br>
Unknown tag(R) on line 26<br>
Unknown tag(R) on line 26<br>
Unknown tag(R) on line 26<br>
Unknown tag(R) on line 26<br>
Unknown tag(R) on line 26<br>
Unknown tag(R) on line 26<br>
Unknown tag(R) on line 26<br>
Unknown tag(R) on line 26<br>
Unknown tag(R) on line 40<br>
2004-05-28 22:33:21 unknown tag(R) on line 26<br>
2004-05-28 22:33:25 unknown tag(R) on line 26<br>
2004-05-28 22:39:22 unknown tag(R) on line 26<br>
2004-05-28 22:45:55 unknown tag(R) on line 26<br>
2004-05-28 22:46:54 unknown tag(R) on line 26<br>
2004-05-28 22:47:37 unknown tag(R) on line 26<br>
2004-05-28 22:47:41 unknown tag(R) on line 26<br>
2004-05-28 22:47:46 unknown tag(R) on line 26<br>
2004-05-28 22:47:59 unknown tag(R) on line 26<br>
2004-05-28 22:48:10 unknown tag(R) on line 26<br>
2004-05-28 22:48:31 unknown tag(R) on line 26<br>
2004-05-28 22:48:40 unknown tag(R) on line 26<br>
2004-05-28 22:48:40 unknown tag(R) on line 40<br>
2004-05-28 22:48:53 unknown tag(R) on line 26<br>
2004-05-28 22:48:56 unknown tag(R) on line 26<br>
2004-05-28 22:49:13 unknown tag(R) on line 26<br>
2004-05-28 22:51:15 unknown tag(R) on line 26<br>
2004-05-28 22:51:22 unknown tag(R) on line 26<br>
2004-05-28 22:51:30 unknown tag(R) on line 26<br>
2004-05-28 22:51:35 unknown tag(R) on line 26<br>
2004-05-28 22:52:24 unknown tag(R) on line 26<br>
2004-05-28 22:52:57 unknown tag(R) on line 26<br>
2004-05-28 22:53:03 unknown tag(R) on line 26<br>
2004-05-28 22:53:12 unknown tag(R) on line 26<br>
2004-05-28 22:53:28 unknown tag(R) on line 26<br>
2004-05-28 22:53:32 unknown tag(R) on line 26<br>
2004-05-28 22:55:22 unknown tag(R) on line 26<br>
2004-05-28 22:56:36 unknown tag(R) on line 26<br>
2004-05-28 22:56:45 unknown tag(R) on line 26<br>
2004-05-28 22:56:58 unknown tag(R) on line 26<br>
2004-05-28 22:57:04 unknown tag(R) on line 26<br>
2004-05-28 22:57:19 unknown tag(R) on line 26<br>
2004-05-28 22:57:47 unknown tag(R) on line 26<br>
2004-05-28 22:57:54 unknown tag(R) on line 26<br>
2004-05-28 22:58:22 unknown tag(R) on line 26<br>
2004-05-28 22:59:02 unknown tag(R) on line 26<br>
2004-05-28 22:59:11 unknown tag(R) on line 26<br>
2004-05-28 22:59:37 unknown tag(R) on line 26<br>
2004-05-28 22:59:42 unknown tag(R) on line 26<br>
2004-05-28 23:01:12 unknown tag(R) on line 26<br>
2004-05-28 23:01:13 unknown tag(R) on line 26<br>
2004-05-28 23:02:09 unknown tag(R) on line 26<br>
2004-05-28 23:03:19 unknown tag(R) on line 26<br>
2004-05-28 23:03:22 unknown tag(R) on line 26<br>
2004-05-28 23:03:23 unknown tag(R) on line 26<br>
2004-05-28 23:03:27 unknown tag(R) on line 26<br>
2004-05-28 23:04:26 unknown tag(R) on line 26<br>
2004-05-28 23:04:26 unknown tag(R) on line 40<br>
2004-05-28 23:04:34 unknown tag(R) on line 26<br>
2004-05-28 23:04:34 unknown tag(R) on line 40<br>
2004-05-28 23:05:00 unknown tag(R) on line 26<br>
2004-05-28 23:05:03 unknown tag(R) on line 26<br>
2004-05-28 23:05:06 unknown tag(R) on line 26<br>
2004-05-28 23:05:08 unknown tag(R) on line 26<br>
2004-05-28 23:05:12 unknown tag(R) on line 26<br>
2004-05-28 23:05:16 unknown tag(R) on line 26<br>
2004-05-28 23:05:16 unknown tag(R) on line 40<br>
2004-05-28 23:05:40 unknown tag(R) on line 26<br>
2004-05-28 23:05:43 unknown tag(R) on line 26<br>
2004-05-28 23:05:49 unknown tag(R) on line 26<br>
2004-05-28 23:05:52 unknown tag(R) on line 26<br>
2004-05-28 23:05:59 unknown tag(R) on line 26<br>
2004-05-28 23:05:59 unknown tag(R) on line 40<br>
2004-05-28 23:06:16 unknown tag(R) on line 26<br>
2004-05-28 23:06:35 unknown tag(R) on line 26<br>
2004-05-28 23:06:38 unknown tag(R) on line 26<br>
2004-05-28 23:06:41 unknown tag(R) on line 26<br>
2004-05-28 23:06:48 unknown tag(R) on line 26<br>
2004-05-28 23:06:51 unknown tag(R) on line 26<br>
2004-05-28 23:06:54 unknown tag(R) on line 26<br>
2004-05-28 23:07:08 unknown tag(R) on line 26<br>
2004-05-28 23:07:11 unknown tag(R) on line 26<br>
2004-05-28 23:08:04 unknown tag(R) on line 26<br>
2004-05-28 23:08:06 unknown tag(R) on line 26<br>
2004-05-28 23:08:17 unknown tag(R) on line 26<br>
2004-05-28 23:08:22 unknown tag(R) on line 26<br>
2004-05-28 23:08:35 unknown tag(R) on line 26<br>
2004-05-28 23:09:01 unknown tag(R) on line 26<br>
2004-05-28 23:09:04 unknown tag(R) on line 26<br>
2004-05-28 23:09:13 unknown tag(R) on line 26<br>
2004-05-28 23:09:21 unknown tag(R) on line 26<br>
2004-05-28 23:09:28 unknown tag(R) on line 26<br>
2004-05-28 23:09:37 unknown tag(R) on line 26<br>
2004-05-28 23:09:39 unknown tag(R) on line 26<br>
2004-05-28 23:09:46 unknown tag(R) on line 26<br>
2004-05-28 23:09:46 unknown tag(R) on line 40<br>
2004-05-28 23:13:13 unknown tag(") on line 61<br>
2004-05-28 23:20:16 unknown tag(0) on line 47<br>
2004-05-28 23:21:40 unknown tag(12) on line 47<br>
2004-05-28 23:22:24 unknown tag(12) on line 47<br>
2004-05-28 23:24:11 missing < from line 47
2004-05-28 23:24:11 unknown tag(12) on line 47<br>
2004-05-28 23:24:11 missing < from line 49
2004-05-28 23:24:11 missing < from line 50
2004-05-28 23:24:11 missing < from line 51
2004-05-28 23:24:11 missing < from line 53
2004-05-28 23:24:11 missing < from line 55
2004-05-28 23:24:11 missing < from line 56
2004-05-28 23:24:11 missing < from line 59
2004-05-28 23:24:11 missing < from line 61
2004-05-28 23:24:11 missing < from line 62
2004-05-28 23:24:11 missing < from line 65
2004-05-28 23:24:11 missing < from line 67
2004-05-28 23:24:11 missing < from line 68
2004-05-28 23:24:11 missing < from line 75
2004-05-28 23:24:11 missing < from line 77
2004-05-28 23:24:11 missing < from line 78
2004-05-28 23:24:11 missing < from line 81
2004-05-28 23:24:11 missing < from line 83
2004-05-28 23:24:11 missing < from line 84
2004-05-28 23:24:11 missing < from line 87
2004-05-28 23:24:11 missing < from line 89
2004-05-28 23:24:11 missing < from line 90
2004-05-28 23:24:11 missing < from line 91
2004-05-28 23:24:11 missing < from line 93
2004-05-28 23:24:11 missing < from line 95
2004-05-28 23:24:11 missing < from line 96
2004-05-28 23:24:11 missing < from line 97
2004-05-28 23:24:11 missing < from line 99
2004-05-28 23:24:11 missing < from line 101
2004-05-28 23:24:11 missing < from line 102
2004-05-28 23:24:11 missing < from line 105
2004-05-28 23:24:11 missing < from line 107
2004-05-28 23:24:11 missing < from line 108
2004-05-28 23:24:11 missing < from line 115
2004-05-28 23:24:11 missing < from line 117
2004-05-28 23:24:11 missing < from line 118
2004-05-28 23:24:11 missing < from line 119
2004-05-28 23:24:11 missing < from line 121
2004-05-28 23:24:11 missing < from line 123
2004-05-28 23:24:11 missing < from line 124
2004-05-28 23:24:11 missing < from line 127
2004-05-28 23:24:11 missing < from line 129
2004-05-28 23:24:11 missing < from line 130
2004-05-28 23:24:11 missing < from line 141
2004-05-28 23:24:11 missing < from line 143
2004-05-28 23:24:11 missing < from line 144
2004-05-28 23:24:11 missing < from line 147
2004-05-28 23:24:11 missing < from line 149
2004-05-28 23:24:11 missing < from line 150
2004-05-28 23:24:11 missing < from line 151
2004-05-28 23:24:11 missing < from line 153
2004-05-28 23:24:11 missing < from line 155
2004-05-28 23:24:11 missing < from line 156
2004-05-28 23:24:11 missing < from line 163
2004-05-28 23:24:11 missing < from line 165
2004-05-28 23:24:11 missing < from line 166
2004-05-28 23:24:11 missing < from line 169
2004-05-28 23:24:11 missing < from line 171
2004-05-28 23:24:11 missing < from line 172
2004-05-28 23:24:11 missing < from line 175
2004-05-28 23:24:11 missing < from line 177
2004-05-28 23:24:11 missing < from line 178
2004-05-28 23:24:11 missing < from line 179
2004-05-28 23:24:11 missing < from line 181
2004-05-28 23:24:11 missing < from line 183
2004-05-28 23:24:11 missing < from line 184
2004-05-28 23:24:11 missing < from line 187
2004-05-28 23:24:11 missing < from line 189
2004-05-28 23:24:11 missing < from line 190
2004-05-28 23:24:11 missing < from line 193
2004-05-28 23:24:11 missing < from line 195
2004-05-28 23:24:11 missing < from line 196
2004-05-28 23:24:11 missing < from line 199
2004-05-28 23:24:11 missing < from line 201
2004-05-28 23:24:11 missing < from line 202
2004-05-28 23:24:11 missing < from line 209
2004-05-28 23:24:11 missing < from line 211
2004-05-28 23:24:11 missing < from line 212
2004-05-28 23:24:11 missing < from line 213
2004-05-28 23:24:11 missing < from line 215
2004-05-28 23:24:11 missing < from line 217
2004-05-28 23:24:11 missing < from line 218
2004-05-28 23:24:11 missing < from line 221
2004-05-28 23:24:11 missing < from line 223
2004-05-28 23:24:11 missing < from line 224
2004-05-28 23:24:11 missing < from line 231
2004-05-28 23:24:11 missing < from line 233
2004-05-28 23:24:11 missing < from line 234
2004-05-28 23:24:11 missing < from line 237
2004-05-28 23:24:11 missing < from line 239
2004-05-28 23:24:11 missing < from line 240
2004-05-28 23:24:11 missing < from line 243
2004-05-28 23:24:11 missing < from line 245
2004-05-28 23:24:11 missing < from line 246
2004-05-28 23:24:11 missing < from line 247
2004-05-28 23:24:11 missing < from line 249
2004-05-28 23:24:11 missing < from line 251
2004-05-28 23:24:11 missing < from line 252
